[    0.000000] Initializing cgroup subsys cpuset
[    0.000000] Initializing cgroup subsys cpu
[    0.000000] Initializing cgroup subsys cpuacct
[    0.000000] Linux version 4.4.0-159-generic (buildd@lgw01-amd64-042) (gcc version 5.4.0 20160609 (Ubuntu 5.4.0-6ubuntu1~16.04.10) ) #187-Ubuntu SMP Thu Aug 1 16:28:06 UTC 2019 (Ubuntu 4.4.0-159.187-generic 4.4.185)
[    0.000000] Command line: BOOT_IMAGE=/boot/vmlinuz-4.4.0-159-generic root=LABEL=cloudimg-rootfs ro console=tty1 console=ttyS0
[    0.000000] KERNEL supported cpus:
[    0.000000]   Intel GenuineIntel
[    0.000000]   AMD AuthenticAMD
[    0.000000]   Centaur CentaurHauls
[    0.000000] x86/fpu: xstate_offset[2]:  576, xstate_sizes[2]:  256
[    0.000000] x86/fpu: Supporting XSAVE feature 0x01: 'x87 floating point registers'
[    0.000000] x86/fpu: Supporting XSAVE feature 0x02: 'SSE registers'
[    0.000000] x86/fpu: Supporting XSAVE feature 0x04: 'AVX registers'
[    0.000000] x86/fpu: Enabled xstate features 0x7, context size is 832 bytes, using 'standard' format.
[    0.000000] e820: BIOS-provided physical RAM map:
[    0.000000] BIOS-e820: [mem 0x0000000000000000-0x000000000009fbff] usable
[    0.000000] BIOS-e820: [mem 0x000000000009fc00-0x000000000009ffff] reserved
[    0.000000] BIOS-e820: [mem 0x00000000000f0000-0x00000000000fffff] reserved
[    0.000000] BIOS-e820: [mem 0x0000000000100000-0x000000003ffeffff] usable
[    0.000000] BIOS-e820: [mem 0x000000003fff0000-0x000000003fffffff] ACPI data
[    0.000000] BIOS-e820: [mem 0x00000000fec00000-0x00000000fec00fff] reserved
[    0.000000] BIOS-e820: [mem 0x00000000fee00000-0x00000000fee00fff] reserved
[    0.000000] BIOS-e820: [mem 0x00000000fffc0000-0x00000000ffffffff] reserved
[    0.000000] NX (Execute Disable) protection: active
[    0.000000] SMBIOS 2.5 present.
[    0.000000] Hypervisor detected: KVM
[    0.000000] e820: last_pfn = 0x3fff0 max_arch_pfn = 0x400000000
[    0.000000] MTRR: Disabled
[    0.000000] x86/PAT: MTRRs disabled, skipping PAT initialization too.
[    0.000000] CPU MTRRs all blank - virtualized system.
[    0.000000] x86/PAT: Configuration [0-7]: WB  WT  UC- UC  WB  WT  UC- UC  
[    0.000000] found SMP MP-table at [mem 0x0009fff0-0x0009ffff] mapped at [ffff88000009fff0]
[    0.000000] Scanning 1 areas for low memory corruption
[    0.000000] RAMDISK: [mem 0x362f8000-0x37173fff]
[    0.000000] ACPI: Early table checksum verification disabled
[    0.000000] ACPI: RSDP 0x00000000000E0000 000024 (v02 VBOX  )
[    0.000000] ACPI: XSDT 0x000000003FFF0030 00003C (v01 VBOX   VBOXXSDT 00000001 ASL  00000061)
[    0.000000] ACPI: FACP 0x000000003FFF00F0 0000F4 (v04 VBOX   VBOXFACP 00000001 ASL  00000061)
[    0.000000] ACPI: DSDT 0x000000003FFF0470 0021FF (v02 VBOX   VBOXBIOS 00000002 INTL 20100528)
[    0.000000] ACPI: FACS 0x000000003FFF0200 000040
[    0.000000] ACPI: FACS 0x000000003FFF0200 000040
[    0.000000] ACPI: APIC 0x000000003FFF0240 00005C (v02 VBOX   VBOXAPIC 00000001 ASL  00000061)
[    0.000000] ACPI: SSDT 0x000000003FFF02A0 0001CC (v01 VBOX   VBOXCPUT 00000002 INTL 20100528)
[    0.000000] No NUMA configuration found
[    0.000000] Faking a node at [mem 0x0000000000000000-0x000000003ffeffff]
[    0.000000] NODE_DATA(0) allocated [mem 0x3ffeb000-0x3ffeffff]
[    0.000000] kvm-clock: Using msrs 4b564d01 and 4b564d00
[    0.000000] kvm-clock: cpu 0, msr 0:3ffe3001, primary cpu clock
[    0.000000] kvm-clock: using sched offset of 5370430181 cycles
[    0.000000] clocksource: kvm-clock: mask: 0xffffffffffffffff max_cycles: 0x1cd42e4dffb, max_idle_ns: 881590591483 ns
[    0.000000] Zone ranges:
[    0.000000]   DMA      [mem 0x0000000000001000-0x0000000000ffffff]
[    0.000000]   DMA32    [mem 0x0000000001000000-0x000000003ffeffff]
[    0.000000]   Normal   empty
[    0.000000]   Device   empty
[    0.000000] Movable zone start for each node
[    0.000000] Early memory node ranges
[    0.000000]   node   0: [mem 0x0000000000001000-0x000000000009efff]
[    0.000000]   node   0: [mem 0x0000000000100000-0x000000003ffeffff]
[    0.000000] Initmem setup node 0 [mem 0x0000000000001000-0x000000003ffeffff]
[    0.000000] ACPI: PM-Timer IO Port: 0x4008
[    0.000000] IOAPIC[0]: apic_id 2, version 32, address 0xfec00000, GSI 0-23
[    0.000000] ACPI: INT_SRC_OVR (bus 0 bus_irq 0 global_irq 2 dfl dfl)
[    0.000000] ACI: INT_SRC_OVR (bus 0 bus_irq 9 global_irq 9 low level)
[   0.000000] Using ACPI (MADT) for SMP configuration information
[    0.000000] smpboot: Allowing 2 CPUs, 0 hotplug CPUs
[    0.000000] PM: Registered nosave memory: [mem 0x00000000-0x00000fff]
[    0.000000] PM: Registered nosave memory: [mem 0x0009f000-0x0009ffff]
[    0.000000] PM: Registered nosave memory: [mem 0x000a0000-0x000effff]
[    0.000000] PM: Registered nosave memory: [mem 0x000f0000-0x000fffff]
[    0.000000] e820: [mem 0x40000000-0xfebfffff] available for PCI devices
[    0.000000] Booting paravirtualized kernel on KVM
[    0.000000] clocksource: refined-jiffies: mask: 0xffffffff mx_cycles: 0xffffffff, max_idle_ns: 7645519600211568 ns
[    0.000000] setup_percpu: NR_CPUS:512 nr_cpumask_bits:512 nr_cpu_ids:2 nr_node_ids:1
[    0.000000] PERCPU: Embedded 34 pages/cpu @ffff88003fc00000 s99544 r8192 d31528 u1048576
[    0.000000] Built 1 zonelists in Node order, mobility grouping on.  Total pages: 257912
[    0.000000] Policy zone: DMA32
[    0.000000] Kernel command line: BOOT_IMAGE=/boot/vmlinuz-4.4.0-159-generic root=LABEL=cloudimg-rootfs ro console=tty1 console=ttyS0
[    0.000000] PID hash table entries: 4096 (order: 3, 32768 bytes)
[    0.000000] Memory: 997724K/1048120K available (8618K kernel code, 1335K rwdata, 4032K rodata, 1488K init, 1284K bss, 50396K reserved, 0K cma-reserved)
[    0.000000] SLUB: HWalign=64, Order=0-3, MinObjects=0, CPUs=2, Nodes=1
[    0.000000] Kernel/Uer page tables isolation: enabled
[    0.000000] Hierarchical RCU implementation.
[    0.000000] 	Build-time adjustment of leaf fanout to 64.
[    0.000000] 	RCU restricting CPUs from NR_CPUS=512 to  nr_cpu_ids=2.
[    0.000000] RCU: Adjusting geometry for rcu_fanout_leaf=64, nr_cpu_ids=2
[    0.000000] NR_IRQS:33024 nr_irqs:440 16
[    0.000000] Console: colour VGA+ 80x25
[    0.000000] console [tty1] enabled
[    0.000000] console [ttyS0] enabled
[    0.000000] tsc: Detected 3407.998 MHz processor
[    0.415886] Calibrating delay loop (skipped) preset value.. 6815.99 BogoMIPS (lpj=13631992)
[    0.420632] pid_max: default: 32768 minimum: 301
[    0.423270] ACPI: Core revision 20150930
[    0.426233] ACPI: 2 ACPI AML tables successfully acquired and loaded
[    0.429931] Security Framework initialized
[    0.432247] Yama: becoming mindful.
[    0.434296] AppArmor: AppArmor initialized
[    0.436674] Dentry cache hash table entries: 131072 (order: 8, 1048576 bytes)
[    0.441953] Inode-cache hash table entries: 65536 (order: 7, 524288 bytes)
[    0.445967] Mount-cache hash table entries: 2048 (order: 2, 16384 bytes)
[    0.449730] Mountpoint-cache hash table entries: 2048 (order: 2, 16384 bytes)
[    0.453846] Initializing cgroup subsys io
[    0.456140] Initializing cgroup subsys memory
[    0.458614] Initializing cgroup subsys devices
[    0.461107] Initializing cgroup subsys freezer
[    0.463669] Initializing cgroup subsys net_cls
[    0.466190] Initializing cgroup subsys perf_event
[    0.468883] Initializing cgroup subsys net_prio
[    0.471550] Initializing cgroup subsys hugetlb
[    0.474092] Initializing cgroup subsys pids
[    0.477468] mce: CPU supports 0 MCE banks
[    0.479808] Last level iTLB entries: 4KB 128, 2MB 8, 4MB 8
[    0.482884] Last level dTLB entries: 4KB 64, 2MB 0, 4MB 0, 1GB 4
[    0.486211] Spectre V1 : Mitigation: usercopy/swapgs barriers and __user pointer sanitization
[    0.491082] Spectre V2 : Mitigation: Full generic retpoline
[    0.494197] Spectre V2 : Spectre v2 / SpectreRSB mitigation: Filling RSB on context switch
[    0.498942] Speculative Store Bypass: Vulnerable
[    0.501656] MDS: Vulnerable: Clear CPU buffers attempted, no microcode
[    0.507323] Freeing SMP alternatives memory: 36K
[    0.514565] ftrace: allocating 32318 entries in 127 pages
[    0.564988] smpboot: APIC(0) Converting physical 0 to logical package 0
[    0.569151] smpboot: Max logical packages: 1
[    0.571867] x2apic enabled
[    0.573669] Switched APIC routing to physical x2apic.
[    0.577479] ..TIMER: vector=0x30 apic1=0 pin1=2 apic2=-1 pin2=-1
[    0.685574] smpboot: CPU0: Intel(R) Core(TM) i5-7500 CPU @ 3.40GHz (family: 0x6, model: 0x9e, stepping: 0x9)
[    0.691659] Performance Events: unsupported p6 CPU model 158 no PMU driver, software events only.
[    0.705243] KVM setup paravirtual spinlock
[    0.708614] x86: Booting SMP configuration:
[    0.711027] .... node  #0, CPUs:      #1
[    0.713436] kvm-clock: cpu 1, msr 0:3ffe3041, secondary cpu clock
[    0.717759] mce: CPU supports 0 MCE banks
[    0.721864] x86: Booted up 1 node, 2 CPUs
[    0.724720] smpboot: Total of 2 processors activated (13631.99 BogoMIPS)
[    0.728760] devtmpfs: initialized
[    0.732245] evm: security.selinux
[    0.734251] evm: security.SMACK64
[    0.736188] evm: security.SMACK64EXEC
[    0.738303] evm: security.SMACK64TRANSMUTE
[    0.740658] evm: security.SMACK64MMAP
[    0.742817] evm: security.ima
[    0.744561] evm: security.capability
[    0.746785] clocksource: jiffies: mask: 0xffffffff max_cycles: 0xffffffff, max_idle_ns: 7645041785100000 ns
[    0.758028] futex hash table entries: 512 (order: 3, 32768 bytes)
[    0.761852] pinctrl core: initialized pinctrl subsystem
[    0.764917] RTC time:  9:44:15, date: 09/02/19
[    0.767658] NET: Registered protocol family 16
[    0.781253] cpuidle: using governor ladder
[    0.793607] cpuidle: using governor menu
[    0.795882] PCCT header not found.
[    0.797910] ACPI: bus type PCI registered
[    0.800153] acpiphp: ACPI Hot Plug PCI Controller Driver version: 0.5
[    0.803846] PCI: Using configuration type 1 for base access
[    0.817883] ACPI: Added _OSI(Module Device)
[    0.820357] ACPI: Added _OSI(Processor Device)
[    0.822876] ACPI: Added _OSI(3.0 _SCP Extensions)
[    0.825539] ACPI: Added _OSI(Processor Aggregator Device)
[    0.829314] ACPI: Executed 1 blocks of module-level executable AML code
[    0.834789] ACPI: Interpreter enabled
[    0.836939] ACPI: (supports S0 S5)
[    0.838983] ACPI: Using IOAPIC for interrupt routing
[    0.841938] PCI: Using host bridge windows from ACPI; if necessary, use "pci=nocrs" and report a bug
[    0.851486] ACPI: PCI Root Bridge [PCI0] (domain 0000 [bus 00-ff])
[    0.854970] acpi PNP0A03:00: _OSC: OS supports [ASPM ClockPM Segments MSI]
[    0.858732] acpi PNP0A03:00: _OSC: not requesting OS control; OS requires [ExtendedConfig ASPM ClockPM MSI]
[    0.864206] acpi PNP0A03:00: fail to add MMCONFIG information, can't access extended PCI configuration space under this bridge.
[    0.870917] PCI host bridge to bus 0000:00
[    0.873264] pci_bus 0000:00: root bus resource [io  0x0000-0x0cf7 window]
[    0.877032] pci_bus 0000:00: root bus resource [io  0x0d00-0xffff window]
[    0.880769] pci_bus 0000:00: root bus resource [mem 0x000a0000-0x000bffff window]
[    0.885082] pci_bus 0000:00: root bus resource [mem 0x40000000-0xfdffffff window]
[    0.889374] pci_bus 0000:00: root bus resource [bus 00-ff]
[    0.895503] pci 0000:00:01.1: legacy IDE quirk: reg 0x10: [io  0x01f0-0x01f7]
[    0.899763] pci 0000:00:01.1: legacy IDE quirk: reg 0x14: [io  0x03f6]
[    0.903449] pci 0000:00:01.1: legacy IDE quirk: reg 0x18: [io  0x0170-0x0177]
[    0.907377] pci 0000:00:01.1: legacy IDE quirk: reg 0x1c: [io  0x0376]
[    0.932651] pci 0000:00:07.0: quirk: [io  0x4000-0x403f] claimed by PIIX4 ACPI
[    0.937040] pci 0000:00:07.0: quirk: [io  0x4100-0x410f] claimed by PIIX4 SMB
[    0.949582] ACPI: PCI Interrupt Link [LNKA] (IRQs 5 9 10 *11)
[    0.953452] ACPI: PCI Interrupt Link [LNKB] (IRQs 5 9 *10 11)
[    0.957032] ACPI: PCI Interrupt Link [LNKC] (IRQs 5 *9 10 11)
[    0.960659] ACPI: PCI Interrupt Link [LNKD] (IRQs 5 9 10 *11)
[    0.964318] ACPI: Enabled 2 GPEs in block 00 to 07
[    0.967474] vgaarb: setting as boot device: PCI:0000:00:02.0
[    0.970691] vgaarb: device added: PCI:0000:00:02.0,decodes=io+mem,owns=io+mem,locks=none
[    0.975233] vgaarb: loaded
[    0.976849] vgaarb: bridge control possible 0000:00:02.0
[    0.980066] SCSI subsystem initialized
[    0.982364] ACPI: bus type USB registered
[    0.984664] usbcore: registered new interface driver usbfs
[    0.987735] usbcore: registered new interface driver hub
[    0.990751] usbcore: registered new device driver usb
[    0.993857] PCI: Using ACPI for IRQ routing
[    0.996687] NetLabel: Initializing
[    0.998715] NetLabel:  domain hash size = 128
[    1.001244] NetLabel:  protocols = UNLABELED CIPSOv4
[    1.005336] NetLabel:  unlabeled traffic allowed by default
[    1.008649] amd_nb: Cannot enumerate AMD northbridges
[    1.011565] clocksource: Switched to clocksource kvm-clock
[    1.021829] AppArmor: AppArmor Filesystem Enabled
[    1.025184] pnp: PnP ACPI init
[    1.028036] pnp: PnP ACPI: found 3 devices
[    1.039859] clocksource: acpi_pm: mask: 0xffffff max_cycles: 0xffffff, max_idle_ns: 2085701024 ns
[    1.045196] NET: Registered protocol family 2
[    1.047875] TCP established hash table entries: 8192 (order: 4, 65536 bytes)
[    1.051800] TCP bind hash table entries: 8192 (order: 5, 131072 bytes)
[    1.055381] TCP: Hash tables configured (established 8192 bind 8192)
[    1.058949] UDP hash table entries: 512 (order: 2, 16384 bytes)
[    1.062216] UDP-Lite hash table entries: 512 (order: 2, 16384 bytes)
[    1.065798] NET: Registered protocol family 1
[    1.068320] pci 0000:00:00.0: Limiting direct PCI/PCI transfers
[    1.071711] pci 0000:00:01.0: Activating ISA DMA hang workarounds
[    1.075274] Unpacking initramfs...
[    1.282097] Freeing initrd memory: 14832K
[    1.285370] clocksource: tsc: mask: 0xffffffffffffffff max_cycles: 0x311fd208cfc, max_idle_ns: 440795283699 ns
[    1.291235] platform rtc_cmos: registered platform RTC device (no PNP device found)
[    1.295746] Scanning for low memory corruption every 60 seconds
[    1.299409] audit: initializing netlink subsys (disabled)
[    1.302557] audit: type=2000 audit(1567417462.083:1): initialized
[    1.306195] Initialise system trusted keyring
[    1.308816] HugeTLB registered 2 MB page size, pre-allocated 0 pages
[    1.313408] zbud: loaded
[    1.315280] VFS: Disk quotas dquot_6.6.0
[    1.317664] VFS: Dquot-cache hash table entries: 512 (order 0, 4096 bytes)
[    1.321733] squashfs: version 4.0 (2009/01/31) Phillip Lougher
[    1.325277] fuse init (API version 7.23)
[    1.327737] Key type big_key registered
[    1.329998] Allocating IMA MOK and blacklist keyrings.
[    1.334436] Key type asymmetric registered
[    1.336858] Asymmetric key parser 'x509' registered
[    1.339614] Block layer SCSI generic (bsg) driver version 0.4 loaded (major 249)
[    1.343963] io scheduler noop registered
[    1.346180] io scheduler deadline registered (default)
[    1.349093] io scheduler cfq registered
[    1.351386] pci_hotplug: PCI Hot Plug PCI Core version: 0.5
[    1.354534] pciehp: PCI Express Hot Plug Controller Driver version: 0.4
[    1.358418] ACPI: AC Adapter [AC] (on-line)
[    1.361040] input: Power Button as /devices/LNXSYSTM:00/LNXPWRBN:00/input/input0
[    1.365438] ACPI: Power Button [PWRF]
[    1.368127] input: Sleep Button as /devices/LNXSYSTM:00/LNXSLPBN:00/input/input1
[    1.374425] ACPI: Sleep Button [SLPF]
[    1.381459] GHES: HEST is not enabled!
[    1.390461] Serial: 8250/16550 driver, 32 ports, IRQ sharing enabled
[    1.427186] 00:02: ttyS0 at I/O 0x3f8 (irq = 4, base_baud = 115200) is a 16550A
[    1.441247] Linux agpgart interface 0.103

[    1.470084] loop: module loaded
[    1.476615] scsi host0: ata_piix
[    1.479154] scsi host1: ata_piix
[    1.481122] ata1: PATA max UDMA/33 cmd 0x1f0 ctl 0x3f6 bmdma 0xd000 irq 14
[    1.484993] ata2: PATA max UDMA/33 cmd 0x170 ctl 0x376 bmdma 0xd008 irq 15
[    1.488961] libphy: Fixed MDIO Bus: probed
[    1.491404] tun: Universal TUN/TAP device driver, 1.6
[    1.494386] tun: (C) 1999-2004 Max Krasnyansky <maxk@qualcomm.com>
[    1.497979] PPP generic driver version 2.4.2
[    1.500571] ehci_hcd: USB 2.0 'Enhanced' Host Controller (EHCI) Driver
[    1.504253] ehci-pci: EHCI PCI platform driver
[    1.506782] ehci-platform: EHCI generic platform driver
[    1.509696] ohci_hcd: USB 1.1 'Open' Host Controller (OHCI) Driver
[    1.513166] ohci-pci: OHCI PCI platform driver
[    1.515747] ohci-platform: OHCI generic platform driver
[    1.518668] uhci_hcd: USB Universal Host Controller Interface driver
[    1.522324] i8042: PNP: PS/2 Controller [PNP0303:PS2K,PNP0f03:PS2M] at 0x60,0x64 irq 1,12
[    1.527392] serio: i8042 KBD port at 0x60,0x64 irq 1
[    1.530204] serio: i8042 AUX port at 0x60,0x64 irq 12
[    1.533262] mousedev: PS/2 mouse device common for all mice
[    1.536639] input: AT Translated Set 2 keyboard as /devices/platform/i8042/serio0/input/input2
[    1.542018] rtc_cmos rtc_cmos: rtc core: registered rtc_cmos as rtc0
[    1.545627] rtc_cmos rtc_cmos: alarms up to one day, 114 bytes nvram
[    1.549199] i2c /dev entries driver
[    1.551339] device-mapper: uevent: version 1.0.3
[    1.554087] device-mapper: ioctl: 4.34.0-ioctl (2015-10-28) initialised: dm-devel@redhat.com
[    1.559083] ledtrig-cpu: registered to indicate activity on CPUs
[    1.562986] NET: Registered protocol family 10
[    1.566036] NET: Registered protocol family 17
[    1.568684] Key type dns_resolver registered
[    1.571620] registered taskstats version 1
[    1.574026] Loading compiled-in X.509 certificates
[    1.577217] Loaded X.509 cert 'Build time autogenerated kernel key: d14182f9795b80ec340f636a5a08bf5817ccd8e7'
[    1.582754] zswap: loaded using pool lzo/zbud
[    1.586959] Key type trusted registered
[    1.592106] Key type encrypted registered
[    1.594501] AppArmor: AppArmor sha1 policy hashing enabled
[    1.597611] ima: No TPM chip found, activating TPM-bypass!
[    1.600737] ima: Allocated hash algorithm: sha1
[    1.603349] evm: HMAC attrs: 0x1
[    1.605733]   Magic number: 3:804:726
[    1.607905] block loop6: hash matches
[    1.610118] rtc_cmos rtc_cmos: setting system clock to 2019-09-02 09:44:15 UTC (1567417455)
[    1.615104] BIOS EDD facility v0.16 2004-Jun-25, 0 devices found
[    1.618479] EDD information not available.
[    1.658857] Freeing unused kernel memory: 1488K
[    1.661765] Write protecting the kernel read-only data: 14336k
[    1.665442] Freeing unused kernel memory: 1608K
[    1.668145] Freeing unused kernel memory: 64K
Loading, please wait...
starting version[    1.682824] random: udevadm: uninitialized urandom read (16 bytes read, 3 bits of entropy available)
 229
[    1.682893] random: systemd-udevd: uninitialized urandom read (16 bytes read, 3 bits of entropy available)
[    1.682968] random: systemd-udevd: uninitialized urandom read (16 bytes read, 3 bits of entropy available)
[    1.682976] random: systemd-udevd: uninitialized urandom read (16 bytes read, 3 bits of entropy available)
[    1.682985] random: systemd-udevd: uninitialized urandom read (16 bytes read, 3 bits of entropy available)
[    1.711109] random: udevadm: uninitialized urandom read (16 bytes read, 3 bits of entropy available)
[    1.720251] random: systemd-udevd: uninitialized urandom read (16 bytes read, 3 bits of entropy available)
[    1.728168] random: udevadm: uninitialized urandom read (16 bytes read, 3 bits of entropy available)
[    1.731703] random: systemd-udevd: uninitialized urandom read (16 bytes read, 3 bits of entropy available)
[    1.731709] random: systemd-udevd: uninitialized urandom read (16 bytes read, 3 bits of entropy available)
[    1.770548] e1000: Intel(R) PRO/1000 Network Driver - version 7.3.21-k8-NAPI
[    1.775142] e1000: Copyright (c) 1999-2006 Intel Corporation.
[    1.780668] Fusion MPT base driver 3.04.20
[    1.785084] Copyright (c) 1999-2008 LSI Corporation
[    1.807957] AVX2 version of gcm_enc/dec engaged.
[    1.811512] AES CTR mode by8 optimization enabled
[    1.823192] Fusion MPT SPI Host driver 3.04.20
[    1.999315] input: ImExPS/2 Generic Explorer Mouse as /devices/platform/i8042/serio1/input/input4
[    2.203433] e1000 0000:00:03.0 eth0: (PCI:33MHz:32-bit) 02:49:b7:a9:fe:dc
[    2.207785] e1000 0000:00:03.0 eth0: Intel(R) PRO/1000 Network Connection
[    2.644748] e1000 0000:00:08.0 eth1: (PCI:33MHz:32-bit) 08:00:27:43:3a:5f
[    2.812657] e1000 0000:00:08.0 eth1: Intel(R) PRO/1000 Network Connection
[    2.966629] e1000 0000:00:03.0 enp0s3: renamed from eth0
[    3.001329] mptbase: ioc0: Initiating bringup
[    3.076119] e1000 0000:00:08.0 enp0s8: renamed from eth1
[    3.285200] ioc0: LSI53C1030 A0: Capabilities={Initiator}
[    3.862268] scsi host2: ioc0: LSI53C1030 A0, FwRev=00000000h, Ports=1, MaxQ=256, IRQ=20
[    4.287742] scsi 2:0:0:0: Direct-Access     VBOX     HARDDISK         1.0  PQ: 0 ANSI: 5
[    4.292706] scsi target2:0:0: Beginning Domain Validation
[    4.296450] scsi target2:0:0: Domain Validation skipping write tests
[    4.299914] scsi target2:0:0: Ending Domain Validation
[    4.302752] scsi target2:0:0: asynchronous
[    4.305406] scsi 2:0:1:0: Direct-Access     VBOX     HARDDISK         1.0  PQ: 0 ANSI: 5
[    4.309914] scsi target2:0:1: Beginning Domain Validation
[    4.321879] scsi target2:0:1: Domain Validation skipping write tests
[    4.623189] scsi target2:0:1: Ending Domain Validation
[    4.626056] scsi target2:0:1: asynchronous
[    4.636755] sd 2:0:0:0: Attached scsi generic sg0 type 0
[    4.639811] sd 2:0:0:0: [sda] 20971520 512-byte logical blocks: (10.7 GB/10.0 GiB)
[    4.644330] sd 2:0:1:0: [sdb] 20480 512-byte logical blocks: (10.5 MB/10.0 MiB)
[    4.648433] sd 2:0:1:0: Attached scsi generic sg1 type 0
[    4.651490] sd 2:0:0:0: [sda] Write Protect is off
[    4.651580] sd 2:0:1:0: [sdb] Write Protect is off
[    4.651684] sd 2:0:1:0: [sdb] Incomplete mode parameter data
[    4.651685] sd 2:0:1:0: [sdb] Assuming drive cache: write through
[    4.661544] sd 2:0:1:0: [sdb] Attached SCSI disk
[    4.666324] sd 2:0:0:0: [sda] Incomplete mode parameter data
[    4.669382] sd 2:0:0:0: [sda] Assuming drive cache: write through
[    4.675933]  sda: sda1
[    4.678051] sd 2:0:0:0: [sda] Attached SCSI disk
Begin: Loading e[    5.997844] md: linear personality registered for level -1
ssential drivers ... [    6.076702] md: multipath personality registered for level -4
[    6.091056] md: raid0 personality registered for level 0
[    6.150866] md: raid1 personality registered for level 1
[    6.359859] raid6: sse2x1   gen() 13117 MB/s
[    6.532146] raid6: sse2x1   xor()  9572 MB/s
[    6.675778] raid6: sse2x2   gen() 14983 MB/s
[    6.819879] raid6: sse2x2   xor() 10421 MB/s
[    6.967685] raid6: sse2x4   gen() 16671 MB/s
[    7.051874] raid6: sse2x4   xor() 10539 MB/s
[    7.195738] raid6: avx2x1   gen() 25120 MB/s
[    7.327635] raid6: avx2x2   gen() 28559 MB/s
[    7.476121] raid6: avx2x4   gen() 32675 MB/s
[    7.584230] raid6: using algorithm avx2x4 gen() 32675 MB/s
[    7.665209] raid6: using avx2x2 recovery algorithm
[    7.669654] xor: automatically using best checksumming function:
[    7.711926]    avx       : 27721.000 MB/sec
[    7.716037] async_tx: api initialized (async)
[    7.729461] md: raid6 personality registered for level 6
[    7.732897] md: raid5 personality registered for level 5
[    7.736164] md: raid4 personality registered for level 4
[    7.744440] md: raid10 personality registered for level 10
done.
Begin: Running /scripts/init-premount ... done.
Begin: Mounting root file system ... Begin: Running /scripts/local-top ... done.
Begin: Running /scripts/local-premount ... [    7.780296] Btrfs loaded
Scanning for Btrfs filesystems
done.
Warning: fsck not present, so skipping root file system
[    7.856923] EXT4-fs (sda1): mounted filesystem with ordered data mode. Opts: (null)
done.
Begin: Running /scripts/local-bottom ... done.
Begin: Running /scripts/init-bottom ... done.
[    8.301157] systemd[1]: systemd 229 running in system mode. (+PAM +AUDIT +SELINUX +IMA +APPARMOR +SMACK +SYSVINIT +UTMP +LIBCRYPTSETUP +GCRYPT +GNUTLS +ACL +XZ -LZ4 +SECCOMP +BLKID +ELFUTILS +KMOD -IDN)
[    8.311203] systemd[1]: Detected virtualization oracle.
[    8.314054] systemd[1]: Detected architecture x86-64.

Welcome to [1mUbuntu 16.04.6 LTS[0m!

[    8.338230] systemd[1]: Set hostname to <ubuntu>.
[    8.360449] systemd[1]: Initializing machine ID from random generator.
[    8.364007] systemd[1]: Installed transient /etc/machine-id file.
[    8.847681] systemd[1]: Created slice User and Session Slice.
[[0;32m  OK  [0m] Created slice User and Session Slice.
[    8.854072] systemd[1]: Started Forward Password Requests to Wall Directory Watch.
[[0;32m  OK  [0m] Started Forward Password Requests to Wall Directory Watch.
[    8.862348] systemd[1]: Reached target System Time Synchronized.
[[0;32m  OK  [0m] Reached target System Time Synchronized.
[    8.868873] systemd[1]: Listening on Syslog Socket.
[[0;32m  OK  [0m] Listening on Syslog Socket.
[    8.874293] systemd[1]: Listening on LVM2 metadata daemon socket.
[[0;32m  OK  [0m] Listening on LVM2 metadata daemon socket.
[    8.881067] systemd[1]: Created slice System Slice.
[[0;32m  OK  [0m] Created slice System Slice.
[    8.886442] systemd[1]: Reached target Slices.
[[0;32m  OK  [0m] Reached target Slices.
[    8.891432] systemd[1]: Listening on Device-mapper event daemon FIFOs.
[[0;32m  OK  [0m] Listening on Device-mapper event daemon FIFOs.
[    8.898541] systemd[1]: Listening on /dev/initctl Compatibility Named Pipe.
[[0;32m  OK  [0m] Listening on /dev/initctl Compatibility Named Pipe.
[    8.906070] systemd[1]: Started Trigger resolvconf update for networkd DNS.
[[0;32m  OK  [0m] Started Trigger resolvconf update for networkd DNS.
[    8.921356] systemd[1]: Listening on udev Control Socket.
[[0;32m  OK  [0m] Listening on udev Control Socket.
[    8.927944] systemd[1]: Created slice system-serial\x2dgetty.slice.
[[0;32m  OK  [0m] Created slice system-serial\x2dgetty.slice.
[    8.934873] systemd[1]: Reached target Encrypted Volumes.
[[0;32m  OK  [0m] Reached target Encrypted Volumes.
[    8.940858] systemd[1]: Listening on Journal Socket.
[[0;32m  OK  [0m] Listening on Journal Socket.
[    8.955964] systemd[1]: Starting Monitoring of LVM2 mirrors, snapshots etc. using dmeventd or progress polling...
         Starting Monitoring of LVM2 mirrors... dmeventd or progress polling...
[    8.968751] systemd[1]: Starting Remount Root and Kernel File Systems...
         Starting Remount Root and Kernel File Systems...
[    8.987266] EXT4-fs (sda1): re-mounted. Opts: (null)
[    8.991258] systemd[1]: Starting Load Kernel Modules...
         Starting Load Kernel Modules...
[    9.004614] systemd[1]: Starting Set console keymap...
         Starting Set console keymap...
[    9.011260] systemd[1]: Starting Uncomplicated firewall...
         Starting Uncomplicated firewall...
[    9.020068] systemd[1]: Mounting POSIX Message Queue File System...
         Mounting POSIX Message Queue File System...
[    9.027684] systemd[1]: Starting Nameserver information manager...
         Starting Nameserver information manager...
[    9.035948] systemd[1]: Mounting Huge Pages File System...
         Mounting Huge Pages File System...
[    9.044697] systemd[1]: Listening on LVM2 poll daemon socket.
[    9.048341] Loading iSCSI transport class v2.0-870.
[[0;32m  OK  [0m] Listening on LVM2 poll daemon socket.
[    9.054545] systemd[1]: Listening on Journal Socket (/dev/log).
[[0;32m  OK  [0m] Listening on Journal Socket (/dev/log).
[    9.063613] systemd[1]: Listening on Journal Audit Socket.
[[0;32m  OK  [0m] Listening on Journal Audit Socket.
[    9.072856] iscsi: registered transport (tcp)
[    9.091775] systemd[1]: Starting Journal Service...
         Starting Journal Service...
[    9.098934] systemd[1]: Mounting Debug File System...
         Mounting Debug File System...
[    9.108005] systemd[1]: Reached target User and Group Name Lookups.
[[0;32m  OK  [0m] Reached target User and Group Name Lookups.
[    9.116712] systemd[1]: Reached target Swap.
[[0;32m  OK  [0m] Reached target Swap.
[    9.135984] systemd[1]: Starting Create list of required static device nodes for the current kernel...
[    9.152875] iscsi: registered transport (iser)
         Starting Create list of required st... nodes for the current kernel...
[    9.160147] systemd[1]: Listening on udev Kernel Socket.
[[0;32m  OK  [0m] Listening on udev Kernel Socket.
[    9.166104] systemd[1]: Set up automount Arbitrary Executable File Formats File System Automount Point.
[[0;32m  OK  [0m] Set up automount Arbitrary Executab...ats File System Automount Point.
[    9.181635] systemd[1]: Mounted Debug File System.
[[0;32m  OK  [0m] Mounted Debug File System.
[    9.190140] systemd[1]: Mounted Huge Pages File System.
[[0;32m  OK  [0m] Mounted Huge Pages File System.
[    9.196442] systemd[1]: Mounted POSIX Message Queue File System.
[[0;32m  OK  [0m] Mounted POSIX Message Queue File System.
[    9.220018] systemd[1]: Started Journal Service.
[[0;32m  OK  [0m] Started Journal Service.
[[0;32m  OK  [0m] Started Remount Root and Kernel File Systems.
[[0;32m  OK  [0m] Started Load Kernel Modules.
[[0;32m  OK  [0m] Started Set console keymap.
[[0;32m  OK  [0m] Started Uncomplicated firewall.
[[0;32m  OK  [0m] Started Create list of required sta...ce nodes for the current kernel.
[[0;32m  OK  [0m] Started Nameserver information manager.
[[0;32m  OK  [0m] Started LVM2 metadata daemon.
         Starting Create Static Device Nodes in /dev...
         Mounting FUSE Control File System...
         Starting Apply Kernel Variables...
         Starting udev Coldplug all Devices...
         Starting Load/Save Random Seed...
         Starting Flush Journal to Persistent Storage...
[[0;32m  OK  [0m] Mounted FUSE Control File System.
[[0;32m  OK  [0m] Started Load/Save Random Seed.
[[0;32m  OK  [0m] Started Apply Kernel Variables.
[[0;32m  OK  [0m] Started Create Static Device Nodes in /dev.
[[0;32m  OK  [0m] Started Flush Journal to Persistent Storage.
         Starting udev Kernel Device Manager...
[[0;32m  OK  [0m] Started udev Coldplug all Devices.
[[0;32m  OK  [0m] Started udev Kernel Device Manager.
[[0;32m  OK  [0m] Started Dispatch Password Requests to Console Directory Watch.
[[0;32m  OK  [0m] Started Monitoring of LVM2 mirrors,...ng dmeventd or progress polling.
[[0;32m  OK  [0m] Reached target Local File Systems (Pre).
[[0;32m  OK  [0m] Reached target Local File Systems.
         Starting LSB: AppArmor initialization...
         Starting Initial cloud-init job (pre-networking)...
         Starting Tell Plymouth To Write Out Runtime Data...
         Starting Commit a transient machine-id on disk...
         Starting Set console font and keymap...
         Starting Create Volatile Files and Directories...
[[0;32m  OK  [0m] Started Tell Plymouth To Write Out Runtime Data.
[[0;32m  OK  [0m] Started Commit a transient machine-id on disk.
[[0;32m  OK  [0m] Started Create Volatile Files and Directories.
[[0;32m  OK  [0m] Found device /dev/ttyS0.
[[0;32m  OK  [0m] Listening on Load/Save RF Kill Switch Status /dev/rfkill Watch.
         Starting Update UTMP about System Boot/Shutdown...
[[0;32m  OK  [0m] Started Update UTMP about System Boot/Shutdown.
[[0;32m  OK  [0m] Started Set console font and keymap.
[[0;32m  OK  [0m] Created slice system-getty.slice.
[[0;32m  OK  [0m] Started LSB: AppArmor initialization.
[   11.302241] cloud-init[492]: Cloud-init v. 19.1-1-gbaa47854-0ubuntu1~16.04.1 running 'init-local' at Mon, 02 Sep 2019 09:44:25 +0000. Up 10.97 seconds.
[[0;32m  OK  [0m] Started Initial cloud-init job (pre-networking).
[[0;32m  OK  [0m] Reached target Network (Pre).
         Starting Raise network interfaces...
[[0;32m  OK  [0m] Started Raise network interfaces.
         Starting Initial cloud-init job (metadata service crawler)...
[[0;32m  OK  [0m] Reached target Network.
[   13.094033] cloud-init[966]: Cloud-init v. 19.1-1-gbaa47854-0ubuntu1~16.04.1 running 'init' at Mon, 02 Sep 2019 09:44:26 +0000. Up 11.80 seconds.
[   13.103129] cloud-init[966]: ci-info: ++++++++++++++++++++++++++++++++++++++Net device info+++++++++++++++++++++++++++++++++++++++
[   13.109975] cloud-init[966]: ci-info: +--------+-------+----------------------------+---------------+--------+-------------------+
[   13.136561] cloud-init[966]: ci-info: | Device |   Up  |          Address           |      Mask     | Scope  |     Hw-Address    |
[   13.144017] cloud-init[966]: ci-info: +--------+-------+----------------------------+---------------+--------+-------------------+
[   13.157565] cloud-init[966]: ci-info: | enp0s3 |  True |         10.0.2.15          | 255.255.255.0 | global | 02:49:b7:a9:fe:dc |
[   13.180225] [[0;32m  OK  [0m] Started Initial cloud-init job (metadata service crawler).
[[0;32m  OK  [0m] Reached target Cloud-config availability.
[[0;32m  OK  [0m] Reached target System Initialization.
[[0;32m  OK  [0m] Started Daily Cleanup of Temporary Directories.
cloud-init[966]: ci-info: | enp0s3 |  True | fe80::49:b7ff:fea9:fedc/64 |       .       |  link  | 02:49:b7:a9:fe:dc |
[   13.200833] cloud-init[966]: ci-info: | enp0s8 | False |             .              |       .       |   .    | 08:00:27:43:3a:5f |
[[0;32m  OK  [0m] Started ACPI Events Check.
[   13.210693] cloud-init[966]: ci-info: |   lo   |  True |         127.0.0.1          |   255.0.0.0   |  host  |         .         |
[[0;32m  OK  [0m] Reached target Paths.
[[0;32m  OK  [0m] Listening on ACPID Listen Socket.
[   13.216359]          Starting LXD - unix socket.
[[0;32m  OK  [0m] Listening on D-Bus System Message Bus Socket.
cloud-init[966]: ci-info: |   lo   |  True |          ::1/128           |       .       |  host  |         .         |
[   13.245491]          cloud-initStarting Socket activation for snappy daemon.[966]: 
ci-info: +--------+-------+----------------------------+---------------+--------+-------------------+
[   13.256871] [[0;32m  OK  [0m] Started Daily apt download activities.
cloud-init[966]: ci-info: +++++++++++++++++++++++++++Route IPv4 info++++++++++++++++++++++++++++
[[0;32m  OK  [0m] Started Daily apt upgrade and clean activities.
[[0;32m  OK  [0m] Reached target Timers.
[[0;32m  OK  [0m] Listening on UUID daemon activation socket.
[[0;32m  OK  [0m] Reached target Network is Online.
[   13.259539] cloud-init[966]: ci-info: +-------+-------------+----------+---------------+-----------+-------+
[   13.288705] cloud-init[966]: ci-info: | Route | Destination | Gateway  |    Genmask    | Interface | Flags |
[   13.296646] cloud-init[966]: ci-info: +-------+-------------+----------+---------------+-----------+-------+         Starting iSCSI initiator daemon (iscsid)...
[[0;32m  OK  [0m] Listening on LXD - unix socket.
[[0;32m  OK  [0m] Listening on Socket activation for snappy daemon.
[[0;32m  OK  [0m] Reached target Sockets.

[[0;32m  OK  [0m[   13.324340] cloud-init[966]: ci-info: |   0   |   0.0.0.0   | 10.0.2.2 |    0.0.0.0    |   enp0s3  |   UG  |
[   13.324406] cloud-init[966]: ci-info: |   1   |   10.0.2.0  | 0.0.0.0  | 255.255.255.0 |   enp0s3  |   U   |
[   13.324707] cloud-init[966]: ci-info: +-------+-------------+----------+---------------+-----------+-------+
[   13.325074] cloud-init[966]: ci-info: +++++++++++++++++++Route IPv6 info+++++++++++++++++++
[   13.325115] cloud-init[966]: ci-info: +-------+-------------+---------+-----------+-------+
[   13.325174] cloud-init[966]: ci-info: | Route | Destination | Gateway | Interface | Flags |
[   13.325205] cloud-init[966]: ci-info: +-------+-------------+---------+-----------+-------+
[   13.325231] cloud-init[966]: ci-info: |   0   |  fe80::/64  |    ::   |   enp0s3  |   U   |
[   13.325271] cloud-init[966]: ci-info: |   3   |   ff00::/8  |    ::   |   enp0s3  |   U   |
[   13.325302] cloud-init[966]: ci-info: +-------+-------------+---------+-----------+-------+
[   13.325328] cloud-init[966]: Generating public/private rsa key pair.
[   13.325353] cloud-init[966]: Your identification has been saved in /etc/ssh/ssh_host_rsa_key.
[   13.325403] cloud-init[966]: Your public key has been saved in /etc/ssh/ssh_host_rsa_key.pub.
[   13.325430] cloud-init[966]: The key fingerprint is:
[   13.325455] cloud-init[966]: SHA256:+/SRN+HyV/qV46+Y90G9/HZAPrZXEgG7jQE+QcHMAjs root@ubuntu-xenial
[   13.325482] cloud-init[966]: The key's randomart image is:
[   13.325558] cloud-init[966]: +---[RSA 2048]----+
[   13.325595] cloud-init[966]: |      .. ==...   |
[   13.325649] cloud-init[966]: |       ...+o ..  |
] Reached target Basic System.
[   13.325680] cloud-init[966]: |      E  .o o  . |
[   13.501330] cloud-init[966]: |       .   . =o .|
[   13.501766] cloud-init[966]: |        S   oooo.|
[   13.502481] cloud-init[966]: |         .   oO.=|
[   13.503180] cloud-init[966]: |        . . +.+%+|
[   13.503904] cloud-init[966]: |         o . B=.X|
[   13.505327] cloud-init[966]: |          . +.oOB|
         Starting Virtualbox guest utils...
[   13.506860] cloud-init[966]: +----[SHA256]-----+
[   13.526869] cloud-init[966]: Generating public/private dsa key pair.
[   13.530882] cloud-init[966]: Your identification has been saved in /etc/ssh/ssh_host_dsa_key.
[   13.535980] cloud-init[966]: Your public key has been saved in /etc/ssh/ssh_host_dsa_key.pub.
         [   13.547974] cloud-init[966]: The key fingerprint is:
[   13.549047] cloud-init[966]: SHA256:wgQ2vRIL6gIEOyhpyCo1ym+38EqeQKBIXfi6vuPviqw root@ubuntu-xenial
[   13.549721] cloud-init[966]: The key's randomart image is:
[   13.550430] cloud-init[966]: +---[DSA 1024]----+
[   13.551893] cloud-init[966]: |o   =o           |
[   13.553567] cloud-init[966]: |++oooo.          |
[   13.554376] cloud-init[966]: |X=oo.o..         |
[   13.555190] cloud-init[966]: |%+ .o+.          |
[   13.555224] cloud-init[966]: |Oo  ..o S        |
[   13.555260] cloud-init[966]: |+...   .         |
[   13.555308] cloud-init[966]: |.. =..           |
[   13.555336] cloud-init[966]: |. *o= .          |
[   13.555363] cloud-init[966]: |EooOB=           |
[   13.555389] cloud-init[966]: +----[SHA256]-----+
[   13.555415] cloud-init[966]: Generating public/private ecdsa key pair.
[   13.555443] cloud-init[966]: Your identification has been saved in /etc/ssh/ssh_host_ecdsa_key.
[   13.555469] cloud-init[966]: Your public key has been saved in /etc/ssh/ssh_host_ecdsa_key.pub.
[   13.555496] cloud-init[966]: The key fingerprint is:
Starting LSB: MD monitoring daemon...
         Starting LXD - container startup/shutdown...
         Starting Login Service...
[   13.555766] cloud-init[966]: SHA256:hYuE/PbviEsPwwAuvJgsMvjq2f1XLrCvdua2KySZHpo root@ubuntu-xenial
[[0;32m  OK  [0m] Started Deferred execution scheduler.
[[0;32m  OK  [0m] Started FUSE filesystem for LXC.
         Starting /etc/rc.local Compatibility...
         Starting System Logging Service...
[   13.614856] cloud-init[966]: The key's randomart image is:
[   13.668195]          Starting LSB: Record successful boot for GRUB...
cloud-init[966]: +---[ECDSA 256]---+
[   13.678469] cloud-init[966]: |                 |
[   13.681678] cloud-init[966]: |   . .   .       |
[   13.684747] cloud-init[966]: |  . o . . .      |
[   13.687998] cloud-init[966]: |.. . o . o       |
[   13.712436] [[0;32m  OK  [0m] Started ACPI event daemon.
cloud-init[966]: |... . * S        |
[   13.719930] cloud-init[966]: |+o.  O +   .     |
[   13.729521]          cloud-initStarting Snappy daemon...[966]: 
|Bo  + O + o      |
[   13.730797] cloud-init[966]: |oooE.o O O .     |
[   13.760831] cloud-init[966]: |o+.. .=+%**      |
[   13.764930] cloud-init[966]: +----[SHA256]-----+
[   13.779714] cloud-init[966]: Generating public/private ed25519 key pair.
[   13.780143] cloud-init[966]: Your identification has been saved in /etc/ssh/ssh_host_ed25519_key.
[   13.781159] cloud-init[966]: Your public key has been saved in /etc/ssh/ssh_host_ed25519_key.pub.
[   13.781907] cloud-init[966]: The key fingerprint is:
         Starting Accounts Service...
[   13.783615] cloud-init[966]: SHA256:nDaTNXr6JJjQn0eVba8mLvr6ViRnNtpaAqKoliBuzV8 root@ubuntu-xenial
[   13.822929] cloud-init[966]: The key's randomart image is:
[   13.828530] cloud-init[966]: +--[ED25519 256]--+
[   13.832014] cloud-init[966]: |                 |
[[0;32m  OK  [0m[   13.836968] cloud-init[966]: |             o   |
] Started D-Bus System Message Bus.
[   13.839744] cloud-init[966]: |          o o o  |
[   13.853928] cloud-init[966]: |     ....=.o*. . |
[   13.861533] cloud-init[966]: |   .....S.oO .  .|
[   13.864511] cloud-init[966]: |o . .. = Bo +  . |
[   13.867489] cloud-init[966]: |+.+   oE= o=. o  |
[   13.870442] cloud-init[966]: |.= o  .  =+. o   |
[   13.884508] cloud-init[966]: |o   ..  o*+..    |
[   13.889046] cloud-init[966]: +----[SHA256]-----+
[[0;32m  OK  [0m] Started Regular background program processing daemon.
         Starting Pollinate to seed the pseudo random number generator...
[[0;32m  OK  [0m] Started System Logging Service.
[[0;32m  OK  [0m] Started /etc/rc.local Compatibility.
[[0;32m  OK  [0m] Started Login Service.
[[0;32m  OK  [0m] Started iSCSI initiator daemon (iscsid).
         Starting Login to default iSCSI targets...
         Starting Authenticate and Authorize Users to Run Privileged Tasks...
[[0;32m  OK  [0m] Started Unattended Upgrades Shutdown.
[[0;32m  OK  [0m] Started LSB: MD monitoring daemon.
[[0;32m  OK  [0m] Started LSB: Record successful boot for GRUB.
[[0;32m  OK  [0m] Started Authenticate and Authorize Users to Run Privileged Tasks.
[[0;32m  OK  [0m] Started Virtualbox guest utils.
[[0;32m  OK  [0m] Started Login to default iSCSI targets.
[[0;32m  OK  [0m] Started Accounts Service.
[[0;32m  OK  [0m] Reached target Remote File Systems (Pre).
[[0;32m  OK  [0m] Reached target Remote File Systems.
         Starting Permit User Sessions...
         Starting LSB: automatic crash report generation...
         Starting LSB: Set the CPU Frequency Scaling governor to "ondemand"...
         Starting LSB: daemon to balance interrupts for SMP systems...
[[0;32m  OK  [0m] Started Permit User Sessions.
         Starting Terminate Plymouth Boot Screen...
         Starting Hold until boot process finishes up...
[[0;32m  OK  [0m] Started LSB: automatic crash report generation.
[[0;32m  OK  [0m] Started LSB: Set the CPU Frequency Scaling governor to "ondemand".
[[0;32m  OK  [0m] Started Terminate Plymouth Boot Screen.
[[0;32m  OK  [0m] Started Hold until boot process finishes up.
[[0;32m  OK  [0m] Started LSB: daemon to balance interrupts for SMP systems.
         Starting Set console scheme...
[[0;32m  OK  [0m] Started Serial Getty on ttyS0.
[[0;32m  OK  [0m] Started Getty on tty1.
[[0;32m  OK  [0m] Reached target Login Prompts.
[[0;32m  OK  [0m] Started LXD - container startup/shutdown.
[[0;32m  OK  [0m] Started Set console scheme.
[[0;32m  OK  [0m] Started Snappy daemon.
         Starting Wait until snapd is fully seeded...
[[0;32m  OK  [0m] Started Pollinate to seed the pseudo random number generator.
         Starting OpenBSD Secure Shell server...
[[0;32m  OK  [0m] Started OpenBSD Secure Shell server.
[[0;32m  OK  [0m] Created slice User Slice of vagrant.
         Starting User Manager for UID 1000...
[[0;32m  OK  [0m] Started Session 1 of user vagrant.
[[0;32m  OK  [0m] Started User Manager for UID 1000.
[[0;32m  OK  [0m] Started Session 2 of user vagrant.
         Starting Hostname Service...

Ubuntu 16.04.6 LTS webserver2 ttyS0

webserver2 login: [   21.534471] cloud-init[1866]: Generating locales (this might take a while)...
[   22.520911] cloud-init[1866]:   en_US.UTF-8... done
[   22.521761] cloud-init[1866]: Generation complete.
[   23.072357] cloud-init[1866]: Cloud-init v. 19.1-1-gbaa47854-0ubuntu1~16.04.1 running 'modules:config' at Mon, 02 Sep 2019 09:44:35 +0000. Up 21.38 seconds.
ci-info: no authorized ssh keys fingerprints found for user ubuntu.
<14>Sep  2 09:44:37 ec2: 
<14>Sep  2 09:44:37 ec2: #############################################################
<14>Sep  2 09:44:37 ec2: -----BEGIN SSH HOST KEY FINGERPRINTS-----
<14>Sep  2 09:44:37 ec2: 1024 SHA256:wgQ2vRIL6gIEOyhpyCo1ym+38EqeQKBIXfi6vuPviqw root@ubuntu-xenial (DSA)
<14>Sep  2 09:44:37 ec2: 256 SHA256:hYuE/PbviEsPwwAuvJgsMvjq2f1XLrCvdua2KySZHpo root@ubuntu-xenial (ECDSA)
<14>Sep  2 09:44:37 ec2: 256 SHA256:nDaTNXr6JJjQn0eVba8mLvr6ViRnNtpaAqKoliBuzV8 root@ubuntu-xenial (ED25519)
<14>Sep  2 09:44:37 ec2: 2048 SHA256:+/SRN+HyV/qV46+Y90G9/HZAPrZXEgG7jQE+QcHMAjs root@ubuntu-xenial (RSA)
<14>Sep  2 09:44:37 ec2: -----END SSH HOST KEY FINGERPRINTS-----
<14>Sep  2 09:44:37 ec2: #############################################################
-----BEGIN SSH HOST KEY KEYS-----
ecdsa-sha2-nistp256 AAAAE2VjZHNhLXNoYTItbmlzdHAyNTYAAAAIbmlzdHAyNTYAAABBBAlysTP90HONNirFa+C6Fx4RAkLmAt1iLHSs7W3TSTZAPvugkxPfKri2QeOcJRX5Mh0c4EmTSIzPiqbsL+YNXnE= root@ubuntu-xenial
ssh-ed25519 AAAAC3NzaC1lZDI1NTE5AAAAIMqyNVCnaXkk7xnUaqx2uqIVbC47BvpqgmmWOnAih/+R root@ubuntu-xenial
ssh-rsa AAAAB3NzaC1yc2EAAAADAQABAAABAQCvDBKr+GiCeWFh796jVq7n/Fm2+XYoWGV9by0Qetmmb6YwITfSb7FiuLkb1rzEmnmgRoYPp6Z0PWSBsIGFhjq7jXKTu28mGeIDTmfodOpErR4t+Sh4vA77voL7LtHFmFx/F0xhO/emWAa+8RtIZnCUneVu7+FVR66H1lrz9g1UmvQ4uhwzB7E89CAwFlD7Go3raSGFM7rE1SeJmW5pw7bPlwbpZTgCaZY3o7/OdvsubOkA8ewwVXcF12x4+yjPQwmTGqIDp5a6pETk7LXJtjhnhgFs8R4x8V/gidXqdTHjPlONUmoNdTlDI6/sDl3/bSSB4x/Ta4aveUEfNApS3a7b root@ubuntu-xenial
-----END SSH HOST KEY KEYS-----
[   23.608962] cloud-init[2032]: Cloud-init v. 19.1-1-gbaa47854-0ubuntu1~16.04.1 running 'modules:final' at Mon, 02 Sep 2019 09:44:37 +0000. Up 23.40 seconds.
[   23.609253] cloud-init[2032]: ci-info: no authorized ssh keys fingerprints found for user ubuntu.
[   23.610305] cloud-init[2032]: Cloud-init v. 19.1-1-gbaa47854-0ubuntu1~16.04.1 finished at Mon, 02 Sep 2019 09:44:38 +0000. Datasource DataSourceNoCloud [seed=/dev/sdb][dsmode=net].  Up 23.60 seconds
